Export time: 2024/12/02 01:31:14 IST
Export duration: 42.831s

Export settings:
	Export Geometry: Models with Shape Fallback
	Output Path: C:\Users\aaron\Documents\CityEngine\Default Workspace\solar_panel_design\models
	Simplify Terrain Meshes: true
	Terrain Layers: Export all selected terrain layers
	Terrain Mesh Resolution: [ 1024, 1024 ]
	applicationName: CityEngine
	applicationString: CityEngine 2023.1.9666 1108R
	applicationVendor: Esri R&D Center Zurich Inc.
	applicationVersion: 2023.1.9666 11080921
	atlasAddWrapBorder: true
	author: aaron
	baseName: coloda_panel
	colladaVersion: COLLADA_1_4_1
	collectTextures: true
	createShapeGroups: false
	createTextureAtlases: false
	encoderID: com.esri.prt.codecs.ColladaEncoder
	encoderName: COLLADA
	errorFallback: true
	existingFiles: OVERWRITE
	facesWithHoles: PASS
	fileGranularity: MEMORY_BUDGET
	globalOffset: [ 0.0, 0.0, 0.0 ]
	globalScalingFactor: 1.0
	includeMaterials: true
	localOffset: NONE
	maxAtlasDim: 11
	memoryBudget: 500
	mergeNormals: true
	mergeTexcoords: true
	mergeVertices: true
	meshGranularity: INSTANCED
	normalPrecision: 0.001
	reportMode: NONE
	sceneFile: /solar_panel_design/scenes/solar_points_rule.cej
	script: 
	shapeNameDelimiter: _
	texcoordPrecision: 1.0E-4
	textureCoordinates: ALL
	triangulateMeshes: false
	vertexIndexing: INDEXED
	vertexNormals: PASS
	vertexPrecision: 0.001
	writeLog: true

Initial shapes:
	  0 :   OK                'Hole'             OID 'b45188e0-a0f2-11b5-bca5-007c3f598c8b'
	  1 :   OK                'Hole'             OID 'b468ff84-a0f2-11b5-bca5-007c3f598c8b'
	  2 :   OK                'Hole'             OID 'b46c5440-a0f2-11b5-bca5-007c3f598c8b'
	  3 :   OK                'Hole'             OID 'b46e270c-a0f2-11b5-bca5-007c3f598c8b'
	  4 :   OK                'Hole'             OID 'b46f44fc-a0f2-11b5-bca5-007c3f598c8b'
	  5 :   OK                'Hole'             OID 'b470967c-a0f2-11b5-bca5-007c3f598c8b'
	  6 :   OK                'Hole'             OID 'b471f4e0-a0f2-11b5-bca5-007c3f598c8b'
	  7 :   OK                'Hole'             OID 'b475de70-a0f2-11b5-bca5-007c3f598c8b'
	  8 :   OK                'Hole'             OID 'b4780d08-a0f2-11b5-bca5-007c3f598c8b'
	  9 :   OK                'Hole'             OID 'b4792968-a0f2-11b5-bca5-007c3f598c8b'
	 10 :   OK                'Hole'             OID 'b47a4244-a0f2-11b5-bca5-007c3f598c8b'
	 11 :   OK                'Hole'             OID 'b47b579c-a0f2-11b5-bca5-007c3f598c8b'
	 12 :   OK                'Hole'             OID 'b47c7140-a0f2-11b5-bca5-007c3f598c8b'
	 13 :   OK                'Hole'             OID 'b4846a44-a0f2-11b5-bca5-007c3f598c8b'
	 14 :   OK                'Hole'             OID 'b485d1a4-a0f2-11b5-bca5-007c3f598c8b'
	 15 :   OK                'Hole'             OID 'b486d9b4-a0f2-11b5-bca5-007c3f598c8b'
	 16 :   OK                'Hole'             OID 'b488d908-a0f2-11b5-bca5-007c3f598c8b'
	 17 :   OK                'Hole'             OID 'b48a1700-a0f2-11b5-bca5-007c3f598c8b'
	 18 :   OK                'Hole'             OID 'b48b442c-a0f2-11b5-bca5-007c3f598c8b'
	 19 :   OK                'Hole'             OID 'b48ce368-a0f2-11b5-bca5-007c3f598c8b'
	 20 :   OK                'Hole'             OID 'b48df4d8-a0f2-11b5-bca5-007c3f598c8b'
	 21 :   OK                'Hole'             OID 'b48f62dc-a0f2-11b5-bca5-007c3f598c8b'
	 22 :   OK                'Hole'             OID 'b49079c4-a0f2-11b5-bca5-007c3f598c8b'
	 23 :   OK                'Hole'             OID 'b491748c-a0f2-11b5-bca5-007c3f598c8b'
	 24 :   OK                'Hole'             OID 'b49296c8-a0f2-11b5-bca5-007c3f598c8b'
	 25 :   OK                'Hole'             OID 'b494641c-a0f2-11b5-bca5-007c3f598c8b'
	 26 :   OK                'Hole'             OID 'b4957848-a0f2-11b5-bca5-007c3f598c8b'
	 27 :   OK                'Hole'             OID 'b496694c-a0f2-11b5-bca5-007c3f598c8b'
	 28 :   OK                'Hole'             OID 'b4975794-a0f2-11b5-bca5-007c3f598c8b'
	 29 :   OK                'Hole'             OID 'b4988394-a0f2-11b5-bca5-007c3f598c8b'
	 30 :   OK                'Hole'             OID 'b4997880-a0f2-11b5-bca5-007c3f598c8b'
	 31 :   OK                'Hole'             OID 'b49a7474-a0f2-11b5-bca5-007c3f598c8b'
	 32 :   OK                'Hole'             OID 'b49b62bc-a0f2-11b5-bca5-007c3f598c8b'
	 33 :   OK                'Hole'             OID 'b49c5cbc-a0f2-11b5-bca5-007c3f598c8b'
	 34 :   OK                'Hole'             OID 'b49d4aa0-a0f2-11b5-bca5-007c3f598c8b'
	 35 :   OK                'Hole'             OID 'b49e36f4-a0f2-11b5-bca5-007c3f598c8b'
	 36 :   OK                'Hole'             OID 'b49f208c-a0f2-11b5-bca5-007c3f598c8b'
	 37 :   OK                'Hole'             OID 'b4a040d4-a0f2-11b5-bca5-007c3f598c8b'
	 38 :   OK                'Hole'             OID 'b4a13688-a0f2-11b5-bca5-007c3f598c8b'
	 39 :   OK                'Hole'             OID 'b4a243ac-a0f2-11b5-bca5-007c3f598c8b'
	 40 :   OK                'Hole'             OID 'b4a3344c-a0f2-11b5-bca5-007c3f598c8b'
	 41 :   OK                'Hole'             OID 'b4a42f14-a0f2-11b5-bca5-007c3f598c8b'
	 42 :   OK                'Hole'             OID 'b4a54b10-a0f2-11b5-bca5-007c3f598c8b'
	 43 :   OK                'Hole'             OID 'b4a6369c-a0f2-11b5-bca5-007c3f598c8b'
	 44 :   OK                'Hole'             OID 'b4a72098-a0f2-11b5-bca5-007c3f598c8b'
	 45 :   OK                'Hole'             OID 'b4a80ee0-a0f2-11b5-bca5-007c3f598c8b'
	 46 :   OK                'Hole'             OID 'b4aa17f8-a0f2-11b5-bca5-007c3f598c8b'
	 47 :   OK                'Hole'             OID 'b4ac2624-a0f2-11b5-bca5-007c3f598c8b'
	 48 :   OK                'Hole'             OID 'b4ae0e6c-a0f2-11b5-bca5-007c3f598c8b'
	 49 :   OK                'Hole'             OID 'b4af8e68-a0f2-11b5-bca5-007c3f598c8b'
	 50 :   OK                'Hole'             OID 'b4b07fd0-a0f2-11b5-bca5-007c3f598c8b'
	 51 :   OK                'Hole'             OID 'b4b17138-a0f2-11b5-bca5-007c3f598c8b'
	 52 :   OK                'Hole'             OID 'b4b2d0c8-a0f2-11b5-bca5-007c3f598c8b'
	 53 :   OK                'Hole'             OID 'b4b3b164-a0f2-11b5-bca5-007c3f598c8b'
	 54 :   OK                'Hole'             OID 'b4b4900c-a0f2-11b5-bca5-007c3f598c8b'
	 55 :   OK                'Hole'             OID 'b4b56d24-a0f2-11b5-bca5-007c3f598c8b'
	 56 :   OK                'Hole'             OID 'b4b6c5ac-a0f2-11b5-bca5-007c3f598c8b'
	 57 :   OK                'Hole'             OID 'b4b7dd5c-a0f2-11b5-bca5-007c3f598c8b'
	 58 :   OK                'Hole'             OID 'b4b8e634-a0f2-11b5-bca5-007c3f598c8b'
	 59 :   OK                'Hole'             OID 'b4ba2684-a0f2-11b5-bca5-007c3f598c8b'
	 60 :   OK                'Hole'             OID 'b4bb08b0-a0f2-11b5-bca5-007c3f598c8b'
	 61 :   OK                'Hole'             OID 'b4bc664c-a0f2-11b5-bca5-007c3f598c8b'
	 62 :   OK                'Hole'             OID 'b4bd7d98-a0f2-11b5-bca5-007c3f598c8b'
	 63 :   OK                'Hole'             OID 'b4be76d0-a0f2-11b5-bca5-007c3f598c8b'
	 64 :   OK                'Hole'             OID 'b4c0e12c-a0f2-11b5-bca5-007c3f598c8b'
	 65 :   OK                'Hole'             OID 'b4c28068-a0f2-11b5-bca5-007c3f598c8b'
	 66 :   OK                'Hole'             OID 'b4c3586c-a0f2-11b5-bca5-007c3f598c8b'
	 67 :   OK                'Hole'             OID 'b4c70890-a0f2-11b5-bca5-007c3f598c8b'
	 68 :   OK                'Hole'             OID 'b4c9beb4-a0f2-11b5-bca5-007c3f598c8b'
	 69 :   OK                'Hole'             OID 'b4caab6c-a0f2-11b5-bca5-007c3f598c8b'
	 70 :   OK                'Hole'             OID 'b4cb8ba4-a0f2-11b5-bca5-007c3f598c8b'
	 71 :   OK                'Hole'             OID 'b4cc5d68-a0f2-11b5-bca5-007c3f598c8b'
	 72 :   OK                'Hole'             OID 'b4cf7b10-a0f2-11b5-bca5-007c3f598c8b'
	 73 :   OK                'Hole'             OID 'b4d08190-a0f2-11b5-bca5-007c3f598c8b'
	 74 :   OK                'Hole'             OID 'b4d15b24-a0f2-11b5-bca5-007c3f598c8b'
	 75 :   OK                'Hole'             OID 'b4d22af4-a0f2-11b5-bca5-007c3f598c8b'
	 76 :   OK                'Hole'             OID 'b4d537d0-a0f2-11b5-bca5-007c3f598c8b'
	 77 :   OK                'Hole'             OID 'b4d64c60-a0f2-11b5-bca5-007c3f598c8b'
	 78 :   OK                'Hole'             OID 'b4d717e4-a0f2-11b5-bca5-007c3f598c8b'
	 79 :   OK                'Hole'             OID 'b4d7e048-a0f2-11b5-bca5-007c3f598c8b'
	 80 :   OK                'Hole'             OID 'b4d8a8ac-a0f2-11b5-bca5-007c3f598c8b'
	 81 :   OK                'Hole'             OID 'b4d98498-a0f2-11b5-bca5-007c3f598c8b'
	 82 :   OK                'Hole'             OID 'b4da77f4-a0f2-11b5-bca5-007c3f598c8b'
	 83 :   OK                'Hole'             OID 'b4db3a18-a0f2-11b5-bca5-007c3f598c8b'
	 84 :   OK                'Hole'             OID 'b4dc3fd0-a0f2-11b5-bca5-007c3f598c8b'
	 85 :   OK                'Hole'             OID 'b4dd5bcc-a0f2-11b5-bca5-007c3f598c8b'
	 86 :   OK                'Hole'             OID 'b4de1d8c-a0f2-11b5-bca5-007c3f598c8b'
	 87 :   OK                'Hole'             OID 'b4e1c1f8-a0f2-11b5-bca5-007c3f598c8b'
	 88 :   OK                'Hole'             OID 'b4e2bd24-a0f2-11b5-bca5-007c3f598c8b'
	 89 :   OK                'Hole'             OID 'b4e37e80-a0f2-11b5-bca5-007c3f598c8b'
	 90 :   OK                'Hole'             OID 'b4e57028-a0f2-11b5-bca5-007c3f598c8b'
	 91 :   OK                'Hole'             OID 'b4e63508-a0f2-11b5-bca5-007c3f598c8b'
	 92 :   OK                'Hole'             OID 'b4e74808-a0f2-11b5-bca5-007c3f598c8b'
	 93 :   OK                'Hole'             OID 'b4e802c0-a0f2-11b5-bca5-007c3f598c8b'
	 94 :   OK                'Hole'             OID 'b4e96124-a0f2-11b5-bca5-007c3f598c8b'
	 95 :   OK                'Hole'             OID 'b4ea528c-a0f2-11b5-bca5-007c3f598c8b'
	 96 :   OK                'Hole'             OID 'b4eb08f8-a0f2-11b5-bca5-007c3f598c8b'
	 97 :   OK                'Hole'             OID 'b4ebe610-a0f2-11b5-bca5-007c3f598c8b'
	 98 :   OK                'Hole'             OID 'b4ecac80-a0f2-11b5-bca5-007c3f598c8b'
	 99 :   OK                'Hole'             OID 'b4edfc0c-a0f2-11b5-bca5-007c3f598c8b'
	100 :   OK                'Hole'             OID 'b4eeb5fc-a0f2-11b5-bca5-007c3f598c8b'
	101 :   OK                'Hole'             OID 'b4ef6e5c-a0f2-11b5-bca5-007c3f598c8b'
	102 :   OK                'Hole'             OID 'b4f01e88-a0f2-11b5-bca5-007c3f598c8b'
	103 :   OK                'Hole'             OID 'b4f0d238-a0f2-11b5-bca5-007c3f598c8b'
	104 :   OK                'Hole'             OID 'b4f180d4-a0f2-11b5-bca5-007c3f598c8b'
	105 :   OK                'Hole'             OID 'b4f232f4-a0f2-11b5-bca5-007c3f598c8b'
	106 :   OK                'Hole'             OID 'b4f2e258-a0f2-11b5-bca5-007c3f598c8b'
	107 :   OK                'Hole'             OID 'b4f39ab8-a0f2-11b5-bca5-007c3f598c8b'
	108 :   OK                'Hole'             OID 'b4f449b8-a0f2-11b5-bca5-007c3f598c8b'
	109 :   OK                'Hole'             OID 'b4f56618-a0f2-11b5-bca5-007c3f598c8b'
	110 :   OK                'Hole'             OID 'b4f630d4-a0f2-11b5-bca5-007c3f598c8b'
	111 :   OK                'Hole'             OID 'b4f6e7a4-a0f2-11b5-bca5-007c3f598c8b'
	112 :   OK                'Hole'             OID 'b4f79708-a0f2-11b5-bca5-007c3f598c8b'
	113 :   OK                'Hole'             OID 'b4f84928-a0f2-11b5-bca5-007c3f598c8b'
	114 :   OK                'Hole'             OID 'b4f92dac-a0f2-11b5-bca5-007c3f598c8b'
	115 :   OK                'Hole'             OID 'b4f9ff70-a0f2-11b5-bca5-007c3f598c8b'
	116 :   OK                'Hole'             OID 'b4fac9c8-a0f2-11b5-bca5-007c3f598c8b'
	117 :   OK                'Hole'             OID 'b4fb909c-a0f2-11b5-bca5-007c3f598c8b'
	118 :   OK                'Hole'             OID 'b4fc4898-a0f2-11b5-bca5-007c3f598c8b'
	119 :   OK                'Hole'             OID 'b4fd2484-a0f2-11b5-bca5-007c3f598c8b'
	120 :   OK                'Hole'             OID 'b4fde0cc-a0f2-11b5-bca5-007c3f598c8b'
	121 :   OK                'Hole'             OID 'b4fea804-a0f2-11b5-bca5-007c3f598c8b'
	122 :   OK                'Hole'             OID 'b4ff50c4-a0f2-11b5-bca5-007c3f598c8b'
	123 :   OK                'Hole'             OID 'b4fffab0-a0f2-11b5-bca5-007c3f598c8b'
	124 :   OK                'Hole'             OID 'b500a9b0-a0f2-11b5-bca5-007c3f598c8b'
	125 :   OK                'Hole'             OID 'b5015270-a0f2-11b5-bca5-007c3f598c8b'
	126 :   OK                'Hole'             OID 'b5025634-a0f2-11b5-bca5-007c3f598c8b'
	127 :   OK                'Hole'             OID 'b5034224-a0f2-11b5-bca5-007c3f598c8b'
	128 :   OK                'Hole'             OID 'b505a12c-a0f2-11b5-bca5-007c3f598c8b'
	129 :   OK                'Hole'             OID 'b50701e8-a0f2-11b5-bca5-007c3f598c8b'
	130 :   OK                'Hole'             OID 'b507b4d0-a0f2-11b5-bca5-007c3f598c8b'
	131 :   OK                'Hole'             OID 'b508b4ac-a0f2-11b5-bca5-007c3f598c8b'
	132 :   OK                'Hole'             OID 'b5095f60-a0f2-11b5-bca5-007c3f598c8b'
	133 :   OK                'Hole'             OID 'b50a0244-a0f2-11b5-bca5-007c3f598c8b'
	134 :   OK                'Hole'             OID 'b50addcc-a0f2-11b5-bca5-007c3f598c8b'
	135 :   OK                'Hole'             OID 'b50bb4a4-a0f2-11b5-bca5-007c3f598c8b'
	136 :   OK                'Hole'             OID 'b50c59e0-a0f2-11b5-bca5-007c3f598c8b'
	137 :   OK                'Hole'             OID 'b50cfad0-a0f2-11b5-bca5-007c3f598c8b'
	138 :   OK                'Hole'             OID 'b50dcc30-a0f2-11b5-bca5-007c3f598c8b'
	139 :   OK                'Hole'             OID 'b50eb050-a0f2-11b5-bca5-007c3f598c8b'
	140 :   OK                'Hole'             OID 'b50f54c4-a0f2-11b5-bca5-007c3f598c8b'
	141 :   OK                'Hole'             OID 'b5101e54-a0f2-11b5-bca5-007c3f598c8b'
	142 :   OK                'Hole'             OID 'b510e7e4-a0f2-11b5-bca5-007c3f598c8b'
	143 :   OK                'Hole'             OID 'b5118cbc-a0f2-11b5-bca5-007c3f598c8b'
	144 :   OK                'Hole'             OID 'b5122a8c-a0f2-11b5-bca5-007c3f598c8b'
	145 :   OK                'Hole'             OID 'b51417e8-a0f2-11b5-bca5-007c3f598c8b'
	146 :   OK                'Hole'             OID 'b514d750-a0f2-11b5-bca5-007c3f598c8b'
	147 :   OK                'Hole'             OID 'b51577dc-a0f2-11b5-bca5-007c3f598c8b'
	148 :   OK                'Hole'             OID 'b5164fe0-a0f2-11b5-bca5-007c3f598c8b'
	149 :   OK                'Hole'             OID 'b516f06c-a0f2-11b5-bca5-007c3f598c8b'
	150 :   OK                'Hole'             OID 'b5178d74-a0f2-11b5-bca5-007c3f598c8b'
	151 :   OK                'Hole'             OID 'b5182950-a0f2-11b5-bca5-007c3f598c8b'
	152 :   OK                'Hole'             OID 'b5196fe0-a0f2-11b5-bca5-007c3f598c8b'
	153 :   OK                'Hole'             OID 'b51a4c30-a0f2-11b5-bca5-007c3f598c8b'
	154 :   OK                'Hole'             OID 'b51aed20-a0f2-11b5-bca5-007c3f598c8b'
	155 :   OK                'Hole'             OID 'b51b87d0-a0f2-11b5-bca5-007c3f598c8b'
	156 :   OK                'Hole'             OID 'b51c2668-a0f2-11b5-bca5-007c3f598c8b'
	157 :   OK                'Hole'             OID 'b51cc17c-a0f2-11b5-bca5-007c3f598c8b'
	158 :   OK                'Hole'             OID 'b51d5b64-a0f2-11b5-bca5-007c3f598c8b'
	159 :   OK                'Hole'             OID 'b525dac8-a0f2-11b5-bca5-007c3f598c8b'
	160 :   OK                'Hole'             OID 'b52c9da4-a0f2-11b5-bca5-007c3f598c8b'
	161 :   OK                'Hole'             OID 'b536f934-a0f2-11b5-bca5-007c3f598c8b'
	162 :   OK                'Hole'             OID 'b53fb1a0-a0f2-11b5-bca5-007c3f598c8b'
	163 :   OK                'Hole'             OID 'b54c4208-a0f2-11b5-bca5-007c3f598c8b'
	164 :   OK                'Hole'             OID 'b54efcdc-a0f2-11b5-bca5-007c3f598c8b'
	165 :   OK                'Hole'             OID 'b5523bb8-a0f2-11b5-bca5-007c3f598c8b'
	166 :   OK                'Hole'             OID 'b5561800-a0f2-11b5-bca5-007c3f598c8b'
	167 :   OK                'Hole'             OID 'b5580df4-a0f2-11b5-bca5-007c3f598c8b'
	168 :   OK                'Hole'             OID 'b559108c-a0f2-11b5-bca5-007c3f598c8b'
	169 :   OK                'Hole'             OID 'b55b04f0-a0f2-11b5-bca5-007c3f598c8b'
	170 :   OK                'Hole'             OID 'b55d0a20-a0f2-11b5-bca5-007c3f598c8b'
	171 :   OK                'Hole'             OID 'b55dd734-a0f2-11b5-bca5-007c3f598c8b'
	172 :   OK                'Hole'             OID 'b55e78ec-a0f2-11b5-bca5-007c3f598c8b'
	173 :   OK                'Hole'             OID 'b55f792c-a0f2-11b5-bca5-007c3f598c8b'
	174 :   OK                'Hole'             OID 'b56019b8-a0f2-11b5-bca5-007c3f598c8b'
	175 :   OK                'Hole'             OID 'b560baa8-a0f2-11b5-bca5-007c3f598c8b'
	176 :   OK                'Hole'             OID 'b56156e8-a0f2-11b5-bca5-007c3f598c8b'
	177 :   OK                'Hole'             OID 'b561f328-a0f2-11b5-bca5-007c3f598c8b'
	178 :   OK                'Hole'             OID 'b562992c-a0f2-11b5-bca5-007c3f598c8b'
	179 :   OK                'Hole'             OID 'b5633058-a0f2-11b5-bca5-007c3f598c8b'
	180 :   OK                'Hole'             OID 'b563c52c-a0f2-11b5-bca5-007c3f598c8b'
	181 :   OK                'Hole'             OID 'b5645ac8-a0f2-11b5-bca5-007c3f598c8b'
	182 :   OK                'Hole'             OID 'b564f708-a0f2-11b5-bca5-007c3f598c8b'
	183 :   OK                'Hole'             OID 'b5658984-a0f2-11b5-bca5-007c3f598c8b'
	184 :   OK                'Hole'             OID 'b5662c68-a0f2-11b5-bca5-007c3f598c8b'
	185 :   OK                'Hole'             OID 'b566c13c-a0f2-11b5-bca5-007c3f598c8b'
	186 :   OK                'Hole'             OID 'b56753b8-a0f2-11b5-bca5-007c3f598c8b'
	187 :   OK                'Hole'             OID 'b567ec74-a0f2-11b5-bca5-007c3f598c8b'
	188 :   OK                'Hole'             OID 'b56c51d8-a0f2-11b5-bca5-007c3f598c8b'
	189 :   OK                'Hole'             OID 'b570b930-a0f2-11b5-bca5-007c3f598c8b'
	190 :   OK                'Hole'             OID 'b5718770-a0f2-11b5-bca5-007c3f598c8b'
	191 :   OK                'Hole'             OID 'b57220f4-a0f2-11b5-bca5-007c3f598c8b'
	192 :   OK                'Hole'             OID 'b572b8e8-a0f2-11b5-bca5-007c3f598c8b'
	193 :   OK                'Hole'             OID 'b5735f50-a0f2-11b5-bca5-007c3f598c8b'
	194 :   OK                'Hole'             OID 'b573fa64-a0f2-11b5-bca5-007c3f598c8b'
	195 :   OK                'Hole'             OID 'b5749320-a0f2-11b5-bca5-007c3f598c8b'
	196 :   OK                'Hole'             OID 'b5752b78-a0f2-11b5-bca5-007c3f598c8b'
	197 :   OK                'Hole'             OID 'b57609bc-a0f2-11b5-bca5-007c3f598c8b'
	198 :   OK                'Hole'             OID 'b576c988-a0f2-11b5-bca5-007c3f598c8b'
	199 :   OK                'Hole'             OID 'b5776adc-a0f2-11b5-bca5-007c3f598c8b'
	200 :   OK                'Hole'             OID 'b5780460-a0f2-11b5-bca5-007c3f598c8b'
	201 :   OK                'Hole'             OID 'b5789d1c-a0f2-11b5-bca5-007c3f598c8b'
	202 :   OK                'Hole'             OID 'b5793448-a0f2-11b5-bca5-007c3f598c8b'
	203 :   OK                'Hole'             OID 'b579cc3c-a0f2-11b5-bca5-007c3f598c8b'
	204 :   OK                'Hole'             OID 'b57a6430-a0f2-11b5-bca5-007c3f598c8b'
	205 :   OK                'Hole'             OID 'b57afe18-a0f2-11b5-bca5-007c3f598c8b'
	206 :   OK                'Hole'             OID 'b57ba0fc-a0f2-11b5-bca5-007c3f598c8b'
	207 :   OK                'Hole'             OID 'b57c3b48-a0f2-11b5-bca5-007c3f598c8b'
	208 :   OK                'Hole'             OID 'b57e20d4-a0f2-11b5-bca5-007c3f598c8b'
	209 :   OK                'Hole'             OID 'b57f2308-a0f2-11b5-bca5-007c3f598c8b'
	210 :   OK                'Hole'             OID 'b57fbc28-a0f2-11b5-bca5-007c3f598c8b'
	211 :   OK                'Hole'             OID 'b5811c1c-a0f2-11b5-bca5-007c3f598c8b'
	212 :   OK                'Hole'             OID 'b581d4e0-a0f2-11b5-bca5-007c3f598c8b'
	213 :   OK                'Hole'             OID 'b5826d38-a0f2-11b5-bca5-007c3f598c8b'
	214 :   OK                'Hole'             OID 'b5830338-a0f2-11b5-bca5-007c3f598c8b'
	215 :   OK                'Hole'             OID 'b5839938-a0f2-11b5-bca5-007c3f598c8b'
	216 :   OK                'Hole'             OID 'b5842d44-a0f2-11b5-bca5-007c3f598c8b'
	217 :   OK                'Hole'             OID 'b584bfc0-a0f2-11b5-bca5-007c3f598c8b'
	218 :   OK                'Hole'             OID 'b58581e4-a0f2-11b5-bca5-007c3f598c8b'
	219 :   OK                'Hole'             OID 'b5862338-a0f2-11b5-bca5-007c3f598c8b'
	220 :   OK                'Hole'             OID 'b586b7a8-a0f2-11b5-bca5-007c3f598c8b'
	221 :   OK                'Hole'             OID 'b5876e14-a0f2-11b5-bca5-007c3f598c8b'
	222 :   OK                'Hole'             OID 'b5880a54-a0f2-11b5-bca5-007c3f598c8b'
	223 :   OK                'Hole'             OID 'b588a054-a0f2-11b5-bca5-007c3f598c8b'
	224 :   OK                'Hole'             OID 'b589371c-a0f2-11b5-bca5-007c3f598c8b'
	225 :   OK                'Hole'             OID 'b589f814-a0f2-11b5-bca5-007c3f598c8b'
	226 :   OK                'Hole'             OID 'b58a9328-a0f2-11b5-bca5-007c3f598c8b'
	227 :   OK                'Hole'             OID 'b58b57a4-a0f2-11b5-bca5-007c3f598c8b'
	228 :   OK                'Hole'             OID 'b58bfd44-a0f2-11b5-bca5-007c3f598c8b'
	229 :   OK                'Hole'             OID 'b58cd9f8-a0f2-11b5-bca5-007c3f598c8b'
	230 :   OK                'Hole'             OID 'b58d7cdc-a0f2-11b5-bca5-007c3f598c8b'
	231 :   OK                'Hole'             OID 'b58e1660-a0f2-11b5-bca5-007c3f598c8b'
	232 :   OK                'Hole'             OID 'b58eb4f8-a0f2-11b5-bca5-007c3f598c8b'
	233 :   OK                'Hole'             OID 'b58f5584-a0f2-11b5-bca5-007c3f598c8b'
	234 :   OK                'Hole'             OID 'b58feddc-a0f2-11b5-bca5-007c3f598c8b'
	235 :   OK                'Hole'             OID 'b5924384-a0f2-11b5-bca5-007c3f598c8b'
	236 :   OK                'Hole'             OID 'b597d09c-a0f2-11b5-bca5-007c3f598c8b'
	237 :   OK                'Hole'             OID 'b59a89e0-a0f2-11b5-bca5-007c3f598c8b'
	238 :   OK                'Hole'             OID 'b59b4880-a0f2-11b5-bca5-007c3f598c8b'
	239 :   OK                'Hole'             OID 'b59c21b0-a0f2-11b5-bca5-007c3f598c8b'
	240 :   OK                'Hole'             OID 'b59cd3d0-a0f2-11b5-bca5-007c3f598c8b'
	241 :   OK                'Hole'             OID 'b59d8398-a0f2-11b5-bca5-007c3f598c8b'
	242 :   OK                'Hole'             OID 'b59e1ac4-a0f2-11b5-bca5-007c3f598c8b'
	243 :   OK                'Hole'             OID 'b59eb63c-a0f2-11b5-bca5-007c3f598c8b'
	244 :   OK                'Hole'             OID 'b59f52e0-a0f2-11b5-bca5-007c3f598c8b'
	245 :   OK                'Hole'             OID 'b5a04e70-a0f2-11b5-bca5-007c3f598c8b'
	246 :   OK                'Hole'             OID 'b5a164f4-a0f2-11b5-bca5-007c3f598c8b'
	247 :   OK                'Hole'             OID 'b5a4aba0-a0f2-11b5-bca5-007c3f598c8b'
	248 :   OK                'Hole'             OID 'b5a78cbc-a0f2-11b5-bca5-007c3f598c8b'
	249 :   OK                'Hole'             OID 'b5a84454-a0f2-11b5-bca5-007c3f598c8b'
	250 :   OK                'Hole'             OID 'b5a8dbe4-a0f2-11b5-bca5-007c3f598c8b'
	251 :   OK                'Hole'             OID 'b5a99b4c-a0f2-11b5-bca5-007c3f598c8b'
	252 :   OK                'Hole'             OID 'b5ab6cec-a0f2-11b5-bca5-007c3f598c8b'
	253 :   OK                'Hole'             OID 'b5af1928-a0f2-11b5-bca5-007c3f598c8b'
	254 :   OK                'Hole'             OID 'b5ba1738-a0f2-11b5-bca5-007c3f598c8b'
	255 :   OK                'Hole'             OID 'b5c0c560-a0f2-11b5-bca5-007c3f598c8b'
	256 :   OK                'Hole'             OID 'b5cabb60-a0f2-11b5-bca5-007c3f598c8b'
	257 :   OK                'Hole'             OID 'b5cdcb5c-a0f2-11b5-bca5-007c3f598c8b'
	258 :   OK                'Hole'             OID 'b5ce9f78-a0f2-11b5-bca5-007c3f598c8b'
	259 :   OK                'Hole'             OID 'b5cf1f34-a0f2-11b5-bca5-007c3f598c8b'
	260 :   OK                'Hole'             OID 'b5cfa1ac-a0f2-11b5-bca5-007c3f598c8b'
	261 :   OK                'Hole'             OID 'b5d01998-a0f2-11b5-bca5-007c3f598c8b'
	262 :   OK                'Hole'             OID 'b5d091e8-a0f2-11b5-bca5-007c3f598c8b'
	263 :   OK                'Hole'             OID 'b5d10b00-a0f2-11b5-bca5-007c3f598c8b'
	264 :   OK                'Hole'             OID 'b5d29074-a0f2-11b5-bca5-007c3f598c8b'
	265 :   OK                'Hole'             OID 'b5d4b804-a0f2-11b5-bca5-007c3f598c8b'
	266 :   OK                'Hole'             OID 'b5d54828-a0f2-11b5-bca5-007c3f598c8b'
	267 :   OK                'Hole'             OID 'b5d5c5f0-a0f2-11b5-bca5-007c3f598c8b'
	268 :   OK                'Hole'             OID 'b5d63990-a0f2-11b5-bca5-007c3f598c8b'
	269 :   OK                'Hole'             OID 'b5d6aa10-a0f2-11b5-bca5-007c3f598c8b'
	270 :   OK                'Hole'             OID 'b5d71bbc-a0f2-11b5-bca5-007c3f598c8b'
	271 :   OK                'Hole'             OID 'b5d78dcc-a0f2-11b5-bca5-007c3f598c8b'
	272 :   OK                'Hole'             OID 'b5d7ff78-a0f2-11b5-bca5-007c3f598c8b'
	273 :   OK                'Hole'             OID 'b5d87124-a0f2-11b5-bca5-007c3f598c8b'
	274 :   OK                'Hole'             OID 'b5d8e528-a0f2-11b5-bca5-007c3f598c8b'
	275 :   OK                'Hole'             OID 'b5d956d4-a0f2-11b5-bca5-007c3f598c8b'
	276 :   OK                'Hole'             OID 'b5d9d118-a0f2-11b5-bca5-007c3f598c8b'
	277 :   OK                'Hole'             OID 'b5da94cc-a0f2-11b5-bca5-007c3f598c8b'
	278 :   OK                'Hole'             OID 'b5db167c-a0f2-11b5-bca5-007c3f598c8b'
	279 :   OK                'Hole'             OID 'b5db9638-a0f2-11b5-bca5-007c3f598c8b'
	280 :   OK                'Hole'             OID 'b5dc120c-a0f2-11b5-bca5-007c3f598c8b'
	281 :   OK                'Hole'             OID 'b5dd2570-a0f2-11b5-bca5-007c3f598c8b'
	282 :   OK                'Hole'             OID 'b5ddb97c-a0f2-11b5-bca5-007c3f598c8b'
	283 :   OK                'Hole'             OID 'b5de2d1c-a0f2-11b5-bca5-007c3f598c8b'
	284 :   OK                'Hole'             OID 'b5dea120-a0f2-11b5-bca5-007c3f598c8b'
	285 :   OK                'Hole'             OID 'b5df113c-a0f2-11b5-bca5-007c3f598c8b'
	286 :   OK                'Hole'             OID 'b5df81bc-a0f2-11b5-bca5-007c3f598c8b'
	287 :   OK                'Hole'             OID 'b5dff1d8-a0f2-11b5-bca5-007c3f598c8b'
	288 :   OK                'Hole'             OID 'b5e06258-a0f2-11b5-bca5-007c3f598c8b'
	289 :   OK                'Hole'             OID 'b5e0d1ac-a0f2-11b5-bca5-007c3f598c8b'
	290 :   OK                'Hole'             OID 'b5e14cb8-a0f2-11b5-bca5-007c3f598c8b'
	291 :   OK                'Hole'             OID 'b5e1da84-a0f2-11b5-bca5-007c3f598c8b'
	292 :   OK                'Hole'             OID 'b5e25270-a0f2-11b5-bca5-007c3f598c8b'
	293 :   OK                'Hole'             OID 'b5e2cfd4-a0f2-11b5-bca5-007c3f598c8b'
	294 :   OK                'Hole'             OID 'b5e675d0-a0f2-11b5-bca5-007c3f598c8b'
	295 :   OK                'Hole'             OID 'b5e88460-a0f2-11b5-bca5-007c3f598c8b'
	296 :   OK                'Hole'             OID 'b5e900fc-a0f2-11b5-bca5-007c3f598c8b'
	297 :   OK                'Hole'             OID 'b5e97758-a0f2-11b5-bca5-007c3f598c8b'
	298 :   OK                'Hole'             OID 'b5e9f908-a0f2-11b5-bca5-007c3f598c8b'
	299 :   OK                'Hole'             OID 'b5ea6ca8-a0f2-11b5-bca5-007c3f598c8b'
	300 :   OK                'Hole'             OID 'b5eb6004-a0f2-11b5-bca5-007c3f598c8b'
	301 :   OK                'Hole'             OID 'b5ebe344-a0f2-11b5-bca5-007c3f598c8b'
	302 :   OK                'Hole'             OID 'b5ec56e4-a0f2-11b5-bca5-007c3f598c8b'
	303 :   OK                'Hole'             OID 'b5ecc890-a0f2-11b5-bca5-007c3f598c8b'
	304 :   OK                'Hole'             OID 'b5ed42d4-a0f2-11b5-bca5-007c3f598c8b'
	305 :   OK                'Hole'             OID 'b5efb8e8-a0f2-11b5-bca5-007c3f598c8b'
	306 :   OK                'Hole'             OID 'b5f03070-a0f2-11b5-bca5-007c3f598c8b'
	307 :   OK                'Hole'             OID 'b5f0a3ac-a0f2-11b5-bca5-007c3f598c8b'
	308 :   OK                'Hole'             OID 'b5f13498-a0f2-11b5-bca5-007c3f598c8b'
	309 :   OK                'Hole'             OID 'b5f1d13c-a0f2-11b5-bca5-007c3f598c8b'
	310 :   OK                'Hole'             OID 'b5f26cb4-a0f2-11b5-bca5-007c3f598c8b'
	311 :   OK                'Hole'             OID 'b5f315d8-a0f2-11b5-bca5-007c3f598c8b'
	312 :   OK                'Hole'             OID 'b5f3c8c0-a0f2-11b5-bca5-007c3f598c8b'
	313 :   OK                'Hole'             OID 'b5f44624-a0f2-11b5-bca5-007c3f598c8b'
	314 :   OK                'Hole'             OID 'b5f52bd4-a0f2-11b5-bca5-007c3f598c8b'
	315 :   OK                'Hole'             OID 'b5f5a3c0-a0f2-11b5-bca5-007c3f598c8b'
	316 :   OK                'Hole'             OID 'b5f6156c-a0f2-11b5-bca5-007c3f598c8b'
	317 :   OK                'Hole'             OID 'b5f68650-a0f2-11b5-bca5-007c3f598c8b'
	318 :   OK                'Hole'             OID 'b5f6f734-a0f2-11b5-bca5-007c3f598c8b'
	319 :   OK                'Hole'             OID 'b5f76a0c-a0f2-11b5-bca5-007c3f598c8b'
	320 :   OK                'Hole'             OID 'b5f7dc1c-a0f2-11b5-bca5-007c3f598c8b'
	321 :   OK                'Hole'             OID 'b5f855fc-a0f2-11b5-bca5-007c3f598c8b'
	322 :   OK                'Hole'             OID 'b5f8d298-a0f2-11b5-bca5-007c3f598c8b'
	323 :   OK                'Hole'             OID 'b5f9482c-a0f2-11b5-bca5-007c3f598c8b'
	324 :   OK                'Hole'             OID 'b5f9b848-a0f2-11b5-bca5-007c3f598c8b'
	325 :   OK                'Hole'             OID 'b5fa2b84-a0f2-11b5-bca5-007c3f598c8b'
	326 :   OK                'Hole'             OID 'b5fa9ccc-a0f2-11b5-bca5-007c3f598c8b'
	327 :   OK                'Hole'             OID 'b5fb0e78-a0f2-11b5-bca5-007c3f598c8b'
	328 :   OK                'Hole'             OID 'b5fc3ba4-a0f2-11b5-bca5-007c3f598c8b'
	329 :   OK                'Hole'             OID 'b5fcca38-a0f2-11b5-bca5-007c3f598c8b'
	330 :   OK                'Hole'             OID 'b5fd4350-a0f2-11b5-bca5-007c3f598c8b'
	331 :   OK                'Hole'             OID 'b600c4f8-a0f2-11b5-bca5-007c3f598c8b'
	332 :   OK                'Hole'             OID 'b6018c94-a0f2-11b5-bca5-007c3f598c8b'
	333 :   OK                'Hole'             OID 'b6020868-a0f2-11b5-bca5-007c3f598c8b'
	334 :   OK                'Hole'             OID 'b6027dfc-a0f2-11b5-bca5-007c3f598c8b'
	335 :   OK                'Hole'             OID 'b602f2c8-a0f2-11b5-bca5-007c3f598c8b'
	336 :   OK                'Hole'             OID 'b6036d70-a0f2-11b5-bca5-007c3f598c8b'
	337 :   OK                'Hole'             OID 'b6050c48-a0f2-11b5-bca5-007c3f598c8b'
	338 :   OK                'Hole'             OID 'b6059370-a0f2-11b5-bca5-007c3f598c8b'
	339 :   OK                'Hole'             OID 'b6060580-a0f2-11b5-bca5-007c3f598c8b'
	340 :   OK                'Hole'             OID 'b6074b48-a0f2-11b5-bca5-007c3f598c8b'
	341 :   OK                'Hole'             OID 'b60a94b0-a0f2-11b5-bca5-007c3f598c8b'
	342 :   OK                'Hole'             OID 'b60b14d0-a0f2-11b5-bca5-007c3f598c8b'
	343 :   OK                'Hole'             OID 'b60b8938-a0f2-11b5-bca5-007c3f598c8b'
	344 :   OK                'Hole'             OID 'b60bfd3c-a0f2-11b5-bca5-007c3f598c8b'
	345 :   OK                'Hole'             OID 'b60c6dbc-a0f2-11b5-bca5-007c3f598c8b'
	346 :   OK                'Hole'             OID 'b60cdea0-a0f2-11b5-bca5-007c3f598c8b'
	347 :   OK                'Hole'             OID 'b60d4fe8-a0f2-11b5-bca5-007c3f598c8b'
	348 :   OK                'Hole'             OID 'b60dc004-a0f2-11b5-bca5-007c3f598c8b'
	349 :   OK                'Hole'             OID 'b60e3340-a0f2-11b5-bca5-007c3f598c8b'
	350 :   OK                'Hole'             OID 'b60ea3c0-a0f2-11b5-bca5-007c3f598c8b'
	351 :   OK                'Hole'             OID 'b60f1378-a0f2-11b5-bca5-007c3f598c8b'
	352 :   OK                'Hole'             OID 'b60f82cc-a0f2-11b5-bca5-007c3f598c8b'
	353 :   OK                'Hole'             OID 'b60ff2e8-a0f2-11b5-bca5-007c3f598c8b'
	354 :   OK                'Hole'             OID 'b610c128-a0f2-11b5-bca5-007c3f598c8b'
	355 :   OK                'Hole'             OID 'b61138b0-a0f2-11b5-bca5-007c3f598c8b'
	356 :   OK                'Hole'             OID 'b611aac0-a0f2-11b5-bca5-007c3f598c8b'
	357 :   OK                'Hole'             OID 'b61c5150-a0f2-11b5-bca5-007c3f598c8b'
	358 :   OK                'Hole'             OID 'b61fd2f8-a0f2-11b5-bca5-007c3f598c8b'
	359 :   OK                'Hole'             OID 'b622012c-a0f2-11b5-bca5-007c3f598c8b'
	360 :   OK                'Hole'             OID 'b622a668-a0f2-11b5-bca5-007c3f598c8b'
	361 :   OK                'Hole'             OID 'b6231f1c-a0f2-11b5-bca5-007c3f598c8b'
	362 :   OK                'Hole'             OID 'b6239578-a0f2-11b5-bca5-007c3f598c8b'
	363 :   OK                'Hole'             OID 'b624097c-a0f2-11b5-bca5-007c3f598c8b'
	364 :   OK                'Hole'             OID 'b6247ac4-a0f2-11b5-bca5-007c3f598c8b'
	365 :   OK                'Hole'             OID 'b6274920-a0f2-11b5-bca5-007c3f598c8b'
	366 :   OK                'Hole'             OID 'b627c42c-a0f2-11b5-bca5-007c3f598c8b'
	367 :   OK                'Hole'             OID 'b62838f8-a0f2-11b5-bca5-007c3f598c8b'
	368 :   OK                'Hole'             OID 'b628ac98-a0f2-11b5-bca5-007c3f598c8b'
	369 :   OK                'Hole'             OID 'b6291f0c-a0f2-11b5-bca5-007c3f598c8b'
	370 :   OK                'Hole'             OID 'b62e8514-a0f2-11b5-bca5-007c3f598c8b'
	371 :   OK                'Hole'             OID 'b6307dc4-a0f2-11b5-bca5-007c3f598c8b'
	372 :   OK                'Hole'             OID 'b63108d4-a0f2-11b5-bca5-007c3f598c8b'
	373 :   OK                'Hole'             OID 'b631805c-a0f2-11b5-bca5-007c3f598c8b'
	374 :   OK                'Hole'             OID 'b631f398-a0f2-11b5-bca5-007c3f598c8b'
	375 :   OK                'Hole'             OID 'b63266d4-a0f2-11b5-bca5-007c3f598c8b'
	376 :   OK                'Hole'             OID 'b632d880-a0f2-11b5-bca5-007c3f598c8b'
	377 :   OK                'Hole'             OID 'b63499b8-a0f2-11b5-bca5-007c3f598c8b'
	378 :   OK                'Hole'             OID 'b6352720-a0f2-11b5-bca5-007c3f598c8b'
	379 :   OK                'Hole'             OID 'b635ab8c-a0f2-11b5-bca5-007c3f598c8b'
	380 :   OK                'Hole'             OID 'b63620bc-a0f2-11b5-bca5-007c3f598c8b'
	381 :   OK                'Hole'             OID 'b6369588-a0f2-11b5-bca5-007c3f598c8b'
	382 :   OK                'Hole'             OID 'b63771d8-a0f2-11b5-bca5-007c3f598c8b'
	383 :   OK                'Hole'             OID 'b63804b8-a0f2-11b5-bca5-007c3f598c8b'
	384 :   OK                'Hole'             OID 'b63946fc-a0f2-11b5-bca5-007c3f598c8b'
	385 :   OK                'Hole'             OID 'b639dc34-a0f2-11b5-bca5-007c3f598c8b'
	386 :   OK                'Hole'             OID 'b63a522c-a0f2-11b5-bca5-007c3f598c8b'
	387 :   OK                'Hole'             OID 'b63ac694-a0f2-11b5-bca5-007c3f598c8b'
	388 :   OK                'Hole'             OID 'b63b39d0-a0f2-11b5-bca5-007c3f598c8b'
	389 :   OK                'Hole'             OID 'b63bb860-a0f2-11b5-bca5-007c3f598c8b'
	390 :   OK                'Hole'             OID 'b63c93e8-a0f2-11b5-bca5-007c3f598c8b'
	391 :   OK                'Hole'             OID 'b63d1214-a0f2-11b5-bca5-007c3f598c8b'
	392 :   OK                'Hole'             OID 'b63d8168-a0f2-11b5-bca5-007c3f598c8b'
	393 :   OK                'Hole'             OID 'b63df058-a0f2-11b5-bca5-007c3f598c8b'
	394 :   OK                'Hole'             OID 'b63e6268-a0f2-11b5-bca5-007c3f598c8b'
	395 :   OK                'Hole'             OID 'b63f2b94-a0f2-11b5-bca5-007c3f598c8b'
	396 :   OK                'Hole'             OID 'b63f9da4-a0f2-11b5-bca5-007c3f598c8b'
	397 :   OK                'Hole'             OID 'b64106f8-a0f2-11b5-bca5-007c3f598c8b'
	398 :   OK                'Hole'             OID 'b641a464-a0f2-11b5-bca5-007c3f598c8b'
	399 :   OK                'Hole'             OID 'b6421480-a0f2-11b5-bca5-007c3f598c8b'
	400 :   OK                'Hole'             OID 'b6428370-a0f2-11b5-bca5-007c3f598c8b'
	401 :   OK                'Hole'             OID 'b642f328-a0f2-11b5-bca5-007c3f598c8b'
	402 :   OK                'Hole'             OID 'b6437ca8-a0f2-11b5-bca5-007c3f598c8b'
	403 :   OK                'Hole'             OID 'b643ec60-a0f2-11b5-bca5-007c3f598c8b'
	404 :   OK                'Hole'             OID 'b6445d44-a0f2-11b5-bca5-007c3f598c8b'
	405 :   OK                'Hole'             OID 'b644d1ac-a0f2-11b5-bca5-007c3f598c8b'
	406 :   OK                'Hole'             OID 'b6454290-a0f2-11b5-bca5-007c3f598c8b'
	407 :   OK                'Hole'             OID 'b645b0b8-a0f2-11b5-bca5-007c3f598c8b'
	408 :   OK                'Hole'             OID 'b646200c-a0f2-11b5-bca5-007c3f598c8b'
	409 :   OK                'Hole'             OID 'b6469730-a0f2-11b5-bca5-007c3f598c8b'
	410 :   OK                'Hole'             OID 'b6470b34-a0f2-11b5-bca5-007c3f598c8b'
	411 :   OK                'Hole'             OID 'b647844c-a0f2-11b5-bca5-007c3f598c8b'
	412 :   OK                'Hole'             OID 'b647f724-a0f2-11b5-bca5-007c3f598c8b'
	413 :   OK                'Hole'             OID 'b6486484-a0f2-11b5-bca5-007c3f598c8b'
	414 :   OK                'Hole'             OID 'b648dae0-a0f2-11b5-bca5-007c3f598c8b'
	415 :   OK                'Hole'             OID 'b64965f0-a0f2-11b5-bca5-007c3f598c8b'
	416 :   OK                'Hole'             OID 'b649d6d4-a0f2-11b5-bca5-007c3f598c8b'
	417 :   OK                'Hole'             OID 'b64a4fec-a0f2-11b5-bca5-007c3f598c8b'
	418 :   OK                'Hole'             OID 'b64ac3f0-a0f2-11b5-bca5-007c3f598c8b'
	419 :   OK                'Hole'             OID 'b64b36c8-a0f2-11b5-bca5-007c3f598c8b'
	420 :   OK                'Hole'             OID 'b64bc1d8-a0f2-11b5-bca5-007c3f598c8b'
	421 :   OK                'Hole'             OID 'b64c3640-a0f2-11b5-bca5-007c3f598c8b'
	422 :   OK                'Hole'             OID 'b64cb2dc-a0f2-11b5-bca5-007c3f598c8b'
	423 :   OK                'Hole'             OID 'b64d2550-a0f2-11b5-bca5-007c3f598c8b'
	424 :   OK                'Hole'             OID 'b64d9378-a0f2-11b5-bca5-007c3f598c8b'
	425 :   OK                'Hole'             OID 'b64e1974-a0f2-11b5-bca5-007c3f598c8b'
	426 :   OK                'Hole'             OID 'b64e8e40-a0f2-11b5-bca5-007c3f598c8b'
	427 :   OK                'Hole'             OID 'b64efe5c-a0f2-11b5-bca5-007c3f598c8b'
	428 :   OK                'Hole'             OID 'b64f6db0-a0f2-11b5-bca5-007c3f598c8b'
	429 :   OK                'Hole'             OID 'b64fdca0-a0f2-11b5-bca5-007c3f598c8b'
	430 :   OK                'Hole'             OID 'b6505040-a0f2-11b5-bca5-007c3f598c8b'
	431 :   OK                'Hole'             OID 'b652537c-a0f2-11b5-bca5-007c3f598c8b'
	432 :   OK                'Hole'             OID 'b652e1ac-a0f2-11b5-bca5-007c3f598c8b'
	433 :   OK                'Hole'             OID 'b653554c-a0f2-11b5-bca5-007c3f598c8b'
	434 :   OK                'Hole'             OID 'b653d378-a0f2-11b5-bca5-007c3f598c8b'
	435 :   OK                'Hole'             OID 'b654891c-a0f2-11b5-bca5-007c3f598c8b'
	436 :   OK                'Hole'             OID 'b6550874-a0f2-11b5-bca5-007c3f598c8b'
	437 :   OK                'Hole'             OID 'b6562dd0-a0f2-11b5-bca5-007c3f598c8b'
	438 :   OK                'Hole'             OID 'b656ac60-a0f2-11b5-bca5-007c3f598c8b'
	439 :   OK                'Hole'             OID 'b6571c7c-a0f2-11b5-bca5-007c3f598c8b'
	440 :   OK                'Hole'             OID 'b6578978-a0f2-11b5-bca5-007c3f598c8b'
	441 :   OK                'Hole'             OID 'b657fb24-a0f2-11b5-bca5-007c3f598c8b'
	442 :   OK                'Hole'             OID 'b65868e8-a0f2-11b5-bca5-007c3f598c8b'
	443 :   OK                'Hole'             OID 'b658d4b8-a0f2-11b5-bca5-007c3f598c8b'
	444 :   OK                'Hole'             OID 'b65941b4-a0f2-11b5-bca5-007c3f598c8b'
	445 :   OK                'Hole'             OID 'b659afdc-a0f2-11b5-bca5-007c3f598c8b'
	446 :   OK                'Hole'             OID 'b65a1b48-a0f2-11b5-bca5-007c3f598c8b'
	447 :   OK                'Hole'             OID 'b65a8650-a0f2-11b5-bca5-007c3f598c8b'
	448 :   OK                'Hole'             OID 'b65af608-a0f2-11b5-bca5-007c3f598c8b'
	449 :   OK                'Hole'             OID 'b65b9824-a0f2-11b5-bca5-007c3f598c8b'
	450 :   OK                'Hole'             OID 'b65c1650-a0f2-11b5-bca5-007c3f598c8b'
	451 :   OK                'Hole'             OID 'b65caa5c-a0f2-11b5-bca5-007c3f598c8b'
	452 :   OK                'Hole'             OID 'b65d1438-a0f2-11b5-bca5-007c3f598c8b'
	453 :   OK                'Hole'             OID 'b65d7d4c-a0f2-11b5-bca5-007c3f598c8b'
	454 :   OK                'Hole'             OID 'b65de5fc-a0f2-11b5-bca5-007c3f598c8b'
	455 :   OK                'Hole'             OID 'b65e54ec-a0f2-11b5-bca5-007c3f598c8b'
	456 :   OK                'Hole'             OID 'b65f04b4-a0f2-11b5-bca5-007c3f598c8b'
	457 :   OK                'Hole'             OID 'b65f7728-a0f2-11b5-bca5-007c3f598c8b'
	458 :   OK                'Hole'             OID 'b65fe168-a0f2-11b5-bca5-007c3f598c8b'
	459 :   OK                'Hole'             OID 'b6604888-a0f2-11b5-bca5-007c3f598c8b'
	460 :   OK                'Hole'             OID 'b660bafc-a0f2-11b5-bca5-007c3f598c8b'
	461 :   OK                'Hole'             OID 'b662a9e8-a0f2-11b5-bca5-007c3f598c8b'
	462 :   OK                'Hole'             OID 'b6632b98-a0f2-11b5-bca5-007c3f598c8b'
	463 :   OK                'Hole'             OID 'b663f654-a0f2-11b5-bca5-007c3f598c8b'
	464 :   OK                'Hole'             OID 'b6646d78-a0f2-11b5-bca5-007c3f598c8b'
	465 :   OK                'Hole'             OID 'b664d81c-a0f2-11b5-bca5-007c3f598c8b'
	466 :   OK                'Hole'             OID 'b6653ce4-a0f2-11b5-bca5-007c3f598c8b'
	467 :   OK                'Hole'             OID 'b665a468-a0f2-11b5-bca5-007c3f598c8b'
	468 :   OK                'Hole'             OID 'b6661358-a0f2-11b5-bca5-007c3f598c8b'
	469 :   OK                'Hole'             OID 'b6667f28-a0f2-11b5-bca5-007c3f598c8b'
	470 :   OK                'Hole'             OID 'b6670394-a0f2-11b5-bca5-007c3f598c8b'
	471 :   OK                'Hole'             OID 'b6676ab4-a0f2-11b5-bca5-007c3f598c8b'
	472 :   OK                'Hole'             OID 'b667ce50-a0f2-11b5-bca5-007c3f598c8b'
	473 :   OK                'Hole'             OID 'b66831ec-a0f2-11b5-bca5-007c3f598c8b'
	474 :   OK                'Hole'             OID 'b66894c0-a0f2-11b5-bca5-007c3f598c8b'
	475 :   OK                'Hole'             OID 'b668f7f8-a0f2-11b5-bca5-007c3f598c8b'
	476 :   OK                'Hole'             OID 'b6695acc-a0f2-11b5-bca5-007c3f598c8b'
	477 :   OK                'Hole'             OID 'b66b0818-a0f2-11b5-bca5-007c3f598c8b'
	478 :   OK                'Hole'             OID 'b66b6da8-a0f2-11b5-bca5-007c3f598c8b'
	479 :   OK                'Hole'             OID 'b66bcfb4-a0f2-11b5-bca5-007c3f598c8b'
	480 :   OK                'Hole'             OID 'b66c3fd0-a0f2-11b5-bca5-007c3f598c8b'
	481 :   OK                'Hole'             OID 'b66ca628-a0f2-11b5-bca5-007c3f598c8b'
	482 :   OK                'Hole'             OID 'b66d0af0-a0f2-11b5-bca5-007c3f598c8b'
	483 :   OK                'Hole'             OID 'b66d6c34-a0f2-11b5-bca5-007c3f598c8b'
	484 :   OK                'Hole'             OID 'b6746430-a0f2-11b5-bca5-007c3f598c8b'
	485 :   OK                'Hole'             OID 'b67583b0-a0f2-11b5-bca5-007c3f598c8b'
	486 :   OK                'Hole'             OID 'b675edf0-a0f2-11b5-bca5-007c3f598c8b'
	487 :   OK                'Hole'             OID 'b67658f8-a0f2-11b5-bca5-007c3f598c8b'
	488 :   OK                'Hole'             OID 'b676be88-a0f2-11b5-bca5-007c3f598c8b'
	489 :   OK                'Hole'             OID 'b6772224-a0f2-11b5-bca5-007c3f598c8b'
	490 :   OK                'Hole'             OID 'b6786724-a0f2-11b5-bca5-007c3f598c8b'
	491 :   OK                'Hole'             OID 'b67a5f70-a0f2-11b5-bca5-007c3f598c8b'
	492 :   OK                'Hole'             OID 'b67b0b50-a0f2-11b5-bca5-007c3f598c8b'
	493 :   OK                'Hole'             OID 'b67b75f4-a0f2-11b5-bca5-007c3f598c8b'
	494 :   OK                'Hole'             OID 'b67bdc4c-a0f2-11b5-bca5-007c3f598c8b'
	495 :   OK                'Hole'             OID 'b67c4114-a0f2-11b5-bca5-007c3f598c8b'
	496 :   OK                'Hole'             OID 'b67ca4b0-a0f2-11b5-bca5-007c3f598c8b'
	497 :   OK                'Hole'             OID 'b67d08b0-a0f2-11b5-bca5-007c3f598c8b'
	498 :   OK                'Hole'             OID 'b67d6b84-a0f2-11b5-bca5-007c3f598c8b'
	499 :   OK                'Hole'             OID 'b67dcf20-a0f2-11b5-bca5-007c3f598c8b'
	500 :   OK                'Hole'             OID 'b67e3320-a0f2-11b5-bca5-007c3f598c8b'
	501 :   OK                'Hole'             OID 'b67e97e8-a0f2-11b5-bca5-007c3f598c8b'
	502 :   OK                'Hole'             OID 'b67efb20-a0f2-11b5-bca5-007c3f598c8b'
	503 :   OK                'Hole'             OID 'b67f77bc-a0f2-11b5-bca5-007c3f598c8b'
	504 :   OK                'Hole'             OID 'b67fdc20-a0f2-11b5-bca5-007c3f598c8b'
	505 :   OK                'Hole'             OID 'b6803f58-a0f2-11b5-bca5-007c3f598c8b'
	506 :   OK                'Hole'             OID 'b680a164-a0f2-11b5-bca5-007c3f598c8b'
	507 :   OK                'Hole'             OID 'b6810d98-a0f2-11b5-bca5-007c3f598c8b'
	508 :   OK                'Hole'             OID 'b6816edc-a0f2-11b5-bca5-007c3f598c8b'
	509 :   OK                'Hole'             OID 'b681fd70-a0f2-11b5-bca5-007c3f598c8b'
	510 :   OK                'Hole'             OID 'b6828434-a0f2-11b5-bca5-007c3f598c8b'
	511 :   OK                'Hole'             OID 'b682ea28-a0f2-11b5-bca5-007c3f598c8b'
	512 :   OK                'Hole'             OID 'b6836ef8-a0f2-11b5-bca5-007c3f598c8b'
	513 :   OK                'Hole'             OID 'b683d8d4-a0f2-11b5-bca5-007c3f598c8b'
	514 :   OK                'Hole'             OID 'b6843f2c-a0f2-11b5-bca5-007c3f598c8b'
	515 :   OK                'Hole'             OID 'b6849f44-a0f2-11b5-bca5-007c3f598c8b'
	516 :   OK                'Hole'             OID 'b6850344-a0f2-11b5-bca5-007c3f598c8b'
	517 :   OK                'Hole'             OID 'b68565b4-a0f2-11b5-bca5-007c3f598c8b'
	518 :   OK                'Hole'             OID 'b685c888-a0f2-11b5-bca5-007c3f598c8b'
	519 :   OK                'Hole'             OID 'b6863714-a0f2-11b5-bca5-007c3f598c8b'
	520 :   OK                'Hole'             OID 'b68698bc-a0f2-11b5-bca5-007c3f598c8b'
	521 :   OK                'Hole'             OID 'b686fbf4-a0f2-11b5-bca5-007c3f598c8b'
	522 :   OK                'Hole'             OID 'b6875e00-a0f2-11b5-bca5-007c3f598c8b'
	523 :   OK                'Hole'             OID 'b687c0d4-a0f2-11b5-bca5-007c3f598c8b'
	524 :   OK                'Hole'             OID 'b688259c-a0f2-11b5-bca5-007c3f598c8b'
	525 :   OK                'Hole'             OID 'b6888744-a0f2-11b5-bca5-007c3f598c8b'
	526 :   OK                'Hole'             OID 'b688e8ec-a0f2-11b5-bca5-007c3f598c8b'
	527 :   OK                'Hole'             OID 'b6894b5c-a0f2-11b5-bca5-007c3f598c8b'
	528 :   OK                'Hole'             OID 'b689afc0-a0f2-11b5-bca5-007c3f598c8b'
	529 :   OK                'Hole'             OID 'b68a11cc-a0f2-11b5-bca5-007c3f598c8b'
	530 :   OK                'Hole'             OID 'b68a7504-a0f2-11b5-bca5-007c3f598c8b'
	531 :   OK                'Hole'             OID 'b68ad774-a0f2-11b5-bca5-007c3f598c8b'
	532 :   OK                'Hole'             OID 'b68b38b8-a0f2-11b5-bca5-007c3f598c8b'
	533 :   OK                'Hole'             OID 'b68b9b8c-a0f2-11b5-bca5-007c3f598c8b'
	534 :   OK                'Hole'             OID 'b68bfd98-a0f2-11b5-bca5-007c3f598c8b'
	535 :   OK                'Hole'             OID 'b68c5f40-a0f2-11b5-bca5-007c3f598c8b'
	536 :   OK                'Hole'             OID 'b68cc660-a0f2-11b5-bca5-007c3f598c8b'
	537 :   OK                'Hole'             OID 'b68d28d0-a0f2-11b5-bca5-007c3f598c8b'
	538 :   OK                'Hole'             OID 'b68d8ec4-a0f2-11b5-bca5-007c3f598c8b'
	539 :   OK                'Hole'             OID 'b68df06c-a0f2-11b5-bca5-007c3f598c8b'
	540 :   OK                'Hole'             OID 'b68e5854-a0f2-11b5-bca5-007c3f598c8b'
	541 :   OK                'Hole'             OID 'b68eba60-a0f2-11b5-bca5-007c3f598c8b'
	542 :   OK                'Hole'             OID 'b68f1c08-a0f2-11b5-bca5-007c3f598c8b'
	543 :   OK                'Hole'             OID 'b68f7d4c-a0f2-11b5-bca5-007c3f598c8b'
	544 :   OK                'Hole'             OID 'b68fdf58-a0f2-11b5-bca5-007c3f598c8b'
	545 :   OK                'Hole'             OID 'b69041c8-a0f2-11b5-bca5-007c3f598c8b'
	546 :   OK                'Hole'             OID 'b690a244-a0f2-11b5-bca5-007c3f598c8b'
	547 :   OK                'Hole'             OID 'b691057c-a0f2-11b5-bca5-007c3f598c8b'
	548 :   OK                'Hole'             OID 'b69166c0-a0f2-11b5-bca5-007c3f598c8b'
	549 :   OK                'Hole'             OID 'b691cb88-a0f2-11b5-bca5-007c3f598c8b'
	550 :   OK                'Hole'             OID 'b69230b4-a0f2-11b5-bca5-007c3f598c8b'
	551 :   OK                'Hole'             OID 'b6929838-a0f2-11b5-bca5-007c3f598c8b'
	552 :   OK                'Hole'             OID 'b692f97c-a0f2-11b5-bca5-007c3f598c8b'
	553 :   OK                'Hole'             OID 'b6935d7c-a0f2-11b5-bca5-007c3f598c8b'
	554 :   OK                'Hole'             OID 'b693be5c-a0f2-11b5-bca5-007c3f598c8b'
	555 :   OK                'Hole'             OID 'b6942004-a0f2-11b5-bca5-007c3f598c8b'
	556 :   OK                'Hole'             OID 'b694833c-a0f2-11b5-bca5-007c3f598c8b'
	557 :   OK                'Hole'             OID 'b694e548-a0f2-11b5-bca5-007c3f598c8b'
	558 :   OK                'Hole'             OID 'b6954628-a0f2-11b5-bca5-007c3f598c8b'
	559 :   OK                'Hole'             OID 'b695a708-a0f2-11b5-bca5-007c3f598c8b'
	560 :   OK                'Hole'             OID 'b6960914-a0f2-11b5-bca5-007c3f598c8b'
	561 :   OK                'Hole'             OID 'b69669f4-a0f2-11b5-bca5-007c3f598c8b'
	562 :   OK                'Hole'             OID 'b696d114-a0f2-11b5-bca5-007c3f598c8b'
	563 :   OK                'Hole'             OID 'b69735dc-a0f2-11b5-bca5-007c3f598c8b'
	564 :   OK                'Hole'             OID 'b6979a40-a0f2-11b5-bca5-007c3f598c8b'
	565 :   OK                'Hole'             OID 'b697fcb0-a0f2-11b5-bca5-007c3f598c8b'
	566 :   OK                'Hole'             OID 'b6985df4-a0f2-11b5-bca5-007c3f598c8b'
	567 :   OK                'Hole'             OID 'b698c064-a0f2-11b5-bca5-007c3f598c8b'
	568 :   OK                'Hole'             OID 'b6992144-a0f2-11b5-bca5-007c3f598c8b'
	569 :   OK                'Hole'             OID 'b699892c-a0f2-11b5-bca5-007c3f598c8b'
	570 :   OK                'Hole'             OID 'b699ed2c-a0f2-11b5-bca5-007c3f598c8b'
	571 :   OK                'Hole'             OID 'b69a4ed4-a0f2-11b5-bca5-007c3f598c8b'
	572 :   OK                'Hole'             OID 'b69ab1a8-a0f2-11b5-bca5-007c3f598c8b'
	573 :   OK                'Hole'             OID 'b69b1350-a0f2-11b5-bca5-007c3f598c8b'
	574 :   OK                'Hole'             OID 'b69b7624-a0f2-11b5-bca5-007c3f598c8b'
	575 :   OK                'Hole'             OID 'b69bd830-a0f2-11b5-bca5-007c3f598c8b'



Files created:
	'coloda_panel_0.dae':
		Initial shapes:
			0, 1, 2, 3, 4, 5, 6, 7, 8, 9, 10, 11, 12, 13, 14, 15, 16, 17, 18, 19, 20, 21, 22, 23, 24, 25, 26, 27, 28, 29, 30, 31, 32, 33, 34, 35, 36, 37, 38, 39, 40, 41, 42, 43, 44, 45, 46, 47, 48, 49, 50, 51, 52, 53, 54, 55, 56, 57, 58, 59, 60, 61, 62, 63, 64, 65, 66, 67, 68, 69, 70, 71, 72, 73, 74, 75, 76, 77, 78, 79, 80, 81, 82, 83, 84, 85, 86, 87, 88, 89, 90, 91, 92, 93, 94, 95, 96, 97, 98, 99, 100, 101, 102, 103, 104, 105, 106, 107, 108, 109, 110, 111, 112, 113, 114, 115, 116, 117, 118, 119, 120, 121, 122, 123, 124, 125, 126, 127, 128, 129, 130, 131, 132, 133, 134, 135, 136, 137, 138, 139, 140, 141, 142, 143, 144, 145, 146, 147, 148, 149, 150, 151, 152, 153, 154, 155, 156, 157, 158, 159, 160, 161, 162, 163, 164, 165, 166, 167, 168, 169, 170, 171, 172, 173, 174, 175, 176, 177, 178, 179, 180, 181, 182, 183, 184, 185, 186, 187, 188, 189, 190, 191, 192, 193, 194, 195, 196, 197, 198, 199, 200, 201, 202, 203, 204, 205, 206, 207, 208, 209, 210, 211, 212, 213, 214, 215, 216, 217, 218, 219, 220, 221, 222, 223, 224, 225, 226, 227, 228, 229, 230, 231, 232, 233, 234, 235, 236, 237, 238, 239, 240, 241, 242, 243, 244, 245, 246, 247, 248, 249, 250, 251, 252, 253, 254, 255, 256, 257, 258, 259, 260, 261, 262, 263, 264, 265, 266, 267, 268, 269, 270, 271, 272, 273, 274, 275, 276, 277, 278, 279, 280, 281, 282, 283, 284, 285, 286, 287, 288, 289, 290, 291, 292, 293, 294, 295, 296, 297, 298, 299, 300, 301, 302, 303, 304, 305, 306, 307, 308, 309, 310, 311, 312, 313, 314, 315, 316, 317, 318, 319, 320, 321, 322, 323, 324, 325, 326, 327, 328, 329, 330, 331, 332, 333, 334, 335, 336, 337, 338, 339, 340, 341, 342, 343, 344, 345, 346, 347, 348, 349, 350, 351, 352, 353, 354, 355, 356, 357, 358, 359, 360, 361, 362, 363, 364, 365, 366, 367, 368, 369, 370, 371, 372, 373, 374, 375, 376, 377, 378, 379, 380, 381, 382, 383, 384, 385, 386, 387, 388, 389, 390, 391, 392, 393, 394, 395, 396, 397, 398, 399, 400, 401, 402, 403, 404, 405, 406, 407, 408, 409, 410, 411, 412, 413, 414, 415, 416, 417, 418, 419, 420, 421, 422, 423, 424, 425, 426, 427, 428, 429, 430, 431, 432, 433, 434, 435, 436, 437, 438, 439, 440, 441, 442, 443, 444, 445, 446, 447, 448, 449, 450, 451, 452, 453, 454, 455, 456, 457, 458, 459, 460, 461, 462, 463, 464, 465, 466, 467, 468, 469, 470, 471, 472, 473, 474, 475, 476, 477, 478, 479, 480, 481, 482, 483, 484, 485, 486, 487, 488, 489, 490, 491, 492, 493, 494, 495, 496, 497, 498, 499, 500, 501, 502, 503, 504, 505, 506, 507, 508, 509, 510, 511, 512, 513, 514, 515, 516, 517, 518, 519, 520, 521, 522, 523, 524, 525, 526, 527, 528, 529, 530, 531, 532, 533, 534, 535, 536, 537, 538, 539, 540, 541, 542, 543, 544, 545, 546, 547, 548, 549, 550, 551, 552, 553, 554, 555, 556, 557, 558, 559, 560, 561, 562, 563, 564, 565, 566, 567, 568, 569, 570, 571, 572, 573, 574, 575, 
		MATERIAL:
			Total Materials: 2
			  | Name                
			==+=====================
			1  'CityEngineMaterial1'
			2  'CityEngineMaterial' 
		GEOMETRY:
			Total Meshes: 4
			Total Polygons: 76064
			  | Name                     | Instance Occurrences | Material                  | Polygons 
			==+==========================+======================+===========================+==========
			1  'builtin_cylinder_'                         1728  'CityEngineMaterial(1728),'        26 
			2  'builtin_cube'                              4032  'CityEngineMaterial(4032),'         6 
			3  'mesh_CityEngineMaterial'                      1  'CityEngineMaterial1(1),'       20736 
			4  'mesh_CityEngineMaterial1'                     1  'CityEngineMaterial(1),'        55296 