Export time: 2024/11/17 01:34:23 IST
Export duration: 7.845s

Export settings:
	Export Geometry: Models with Shape Fallback
	Output Path: C:\Users\aaron\Documents\CityEngine\Default Workspace\solar_panel_design\models
	Simplify Terrain Meshes: true
	Terrain Layers: Export all selected terrain layers
	Terrain Mesh Resolution: [ 1024, 1024 ]
	applicationName: CityEngine
	applicationString: CityEngine 2023.1.9666 1108R
	applicationVendor: Esri R&D Center Zurich Inc.
	applicationVersion: 2023.1.9666 11080921
	atlasAddWrapBorder: true
	author: aaron
	baseName: Drawing2
	collectTextures: true
	createShapeGroups: false
	createTextureAtlases: false
	embedTextures: false
	encoderID: com.esri.prt.codecs.FBXEncoder
	encoderName: Autodesk FBX
	errorFallback: true
	existingFiles: OVERWRITE
	facesWithHoles: TRIANGULATE_FACES_WITH_HOLES
	fileGranularity: MEMORY_BUDGET
	fileType: BINARY
	globalOffset: [ 0.0, 0.0, 0.0 ]
	includeMaterials: true
	localOffset: NONE
	maxAtlasDim: 11
	memoryBudget: 500
	mergeNormals: true
	mergeTexcoords: true
	mergeVertices: true
	meshGranularity: INSTANCED
	normalPrecision: 0.001
	normalsIndexing: INDEXED
	outputPath: 
	sceneFile: /solar_panel_design/scenes/Drawing2.cej
	script: 
	shapeNameDelimiter: _
	tempPath: 
	texcoordPrecision: 1.0E-4
	textureCoordinates: ALL
	triangulateMeshes: false
	vertexNormals: SET_MISSING
	vertexPrecision: 0.001
	writeLog: true

Initial shapes:
	0 :   OK                'Hole'             OID 'c0f6bb94-3bb8-11b2-b491-007c3f598c8b'
	1 :   OK                'Hole'             OID 'c109c43c-3bb8-11b2-b491-007c3f598c8b'
	2 :   OK                'Hole'             OID 'c10c7997-3bb8-11b2-b491-007c3f598c8b'
	3 :   OK                'Hole'             OID 'c10f0b04-3bb8-11b2-b491-007c3f598c8b'
	4 :   OK                'Hole'             OID 'c1127dd4-3bb8-11b2-b491-007c3f598c8b'
	5 :   OK                'Hole'             OID 'c1147fe4-3bb8-11b2-b491-007c3f598c8b'



Files created:
	'Drawing2_0.fbx':
		Initial shapes:
			0, 1, 2, 3, 4, 5, 
		GEOMETRY:
			Total Meshes: 3
			Total Polygons: 37
			  | Name                         | Instance Occurrences | Material                                                                                                         | Polygons 
			==+==============================+======================+==================================================================================================================+==========
			1  'builtin:cylinder_24'                              3  'CityEngineMaterial_1_mat(1),CityEngineMaterial_mat(2),'                                                                  26 
			2  'builtin:cube'                                     5  'CityEngineMaterial_1_mat(2),CityEngineMaterial_2_mat(1),CityEngineMaterial_3_mat(1),CityEngineMaterial_4_mat(1),'         6 
			3  'mesh_CityEngineShapeMaterial'                     1  'CityEngineShapeMaterial_mat(1),'                                                                                          5 
		MATERIAL:
			Total Materials: 6
			  | Name                        
			==+=============================
			1  'CityEngineMaterial_mat'     
			2  'CityEngineMaterial_1_mat'   
			3  'CityEngineMaterial_2_mat'   
			4  'CityEngineMaterial_3_mat'   
			5  'CityEngineMaterial_4_mat'   
			6  'CityEngineShapeMaterial_mat'